-------------------------------------------------------------------------------
Test set: com.bridgelabz.Bookstore.BookStoreApplicationTests
-------------------------------------------------------------------------------
Tests run: 1, Failures: 0, Errors: 1, Skipped: 0, Time elapsed: 21.115 s <<< FAILURE! - in com.bridgelabz.Bookstore.BookStoreApplicationTests
contextLoads  Time elapsed: 0.02 s  <<< ERROR!
java.lang.IllegalStateException: Failed to load ApplicationContext
Caused by: org.springframework.beans.factory.BeanCreationException: Error creating bean with name 'userDataRepository' defined in com.bridgelabz.Bookstore.repository.UserDataRepository defined in @EnableJpaRepositories declared on JpaRepositoriesRegistrar.EnableJpaRepositoriesConfiguration: Invocation of init method failed; nested exception is java.lang.IllegalArgumentException: Not a managed type: class com.bridgelabz.Bookstore.model.UserData
Caused by: java.lang.IllegalArgumentException: Not a managed type: class com.bridgelabz.Bookstore.model.UserData

